{"C:\\Users\\blokesh\\Web_dev\\NODE\\Node_Todo_API\\server\\app.js":{"path":"C:\\Users\\blokesh\\Web_dev\\NODE\\Node_Todo_API\\server\\app.js","s":{"1":1,"2":1,"3":1,"4":1,"5":1,"6":1,"7":1,"8":1,"9":1,"10":1,"11":1,"12":0,"13":1},"b":{},"f":{},"fnMap":{},"statementMap":{"1":{"start":{"line":1,"column":0},"end":{"line":1,"column":41}},"2":{"start":{"line":2,"column":0},"end":{"line":2,"column":39}},"3":{"start":{"line":4,"column":0},"end":{"line":4,"column":33}},"4":{"start":{"line":5,"column":0},"end":{"line":5,"column":40}},"5":{"start":{"line":7,"column":0},"end":{"line":7,"column":20}},"6":{"start":{"line":9,"column":0},"end":{"line":9,"column":15}},"7":{"start":{"line":10,"column":0},"end":{"line":10,"column":26}},"8":{"start":{"line":12,"column":0},"end":{"line":12,"column":27}},"9":{"start":{"line":14,"column":0},"end":{"line":14,"column":24}},"10":{"start":{"line":15,"column":0},"end":{"line":15,"column":16}},"11":{"start":{"line":17,"column":0},"end":{"line":19,"column":3}},"12":{"start":{"line":18,"column":2},"end":{"line":18,"column":70}},"13":{"start":{"line":21,"column":0},"end":{"line":21,"column":23}}},"branchMap":{}},"C:\\Users\\blokesh\\Web_dev\\NODE\\Node_Todo_API\\server\\utils\\config.js":{"path":"C:\\Users\\blokesh\\Web_dev\\NODE\\Node_Todo_API\\server\\utils\\config.js","s":{"1":1,"2":1,"3":1,"4":1,"5":1,"6":1},"b":{},"f":{},"fnMap":{},"statementMap":{"1":{"start":{"line":1,"column":0},"end":{"line":1,"column":35}},"2":{"start":{"line":3,"column":0},"end":{"line":23,"column":3}},"3":{"start":{"line":26,"column":0},"end":{"line":26,"column":30}},"4":{"start":{"line":28,"column":0},"end":{"line":28,"column":54}},"5":{"start":{"line":31,"column":0},"end":{"line":31,"column":39}},"6":{"start":{"line":33,"column":0},"end":{"line":33,"column":24}}},"branchMap":{}},"C:\\Users\\blokesh\\Web_dev\\NODE\\Node_Todo_API\\server\\api\\route.js":{"path":"C:\\Users\\blokesh\\Web_dev\\NODE\\Node_Todo_API\\server\\api\\route.js","s":{"1":1,"2":1,"3":1,"4":1,"5":1,"6":1,"7":1,"8":1,"9":1,"10":1,"11":1,"12":1,"13":1,"14":1,"15":1,"16":1,"17":1,"18":1,"19":1,"20":1,"21":1,"22":1,"23":4,"24":10,"25":4,"26":6,"27":2,"28":4,"29":2,"30":2,"31":2,"32":1},"b":{"1":[4,6],"2":[2,4],"3":[2,2],"4":[2,0]},"f":{"1":1},"fnMap":{"1":{"name":"(anonymous_1)","line":42,"loc":{"start":{"line":42,"column":23},"end":{"line":42,"column":35}}}},"statementMap":{"1":{"start":{"line":1,"column":0},"end":{"line":1,"column":35}},"2":{"start":{"line":3,"column":0},"end":{"line":3,"column":69}},"3":{"start":{"line":4,"column":0},"end":{"line":4,"column":54}},"4":{"start":{"line":5,"column":0},"end":{"line":5,"column":61}},"5":{"start":{"line":6,"column":0},"end":{"line":6,"column":60}},"6":{"start":{"line":7,"column":0},"end":{"line":7,"column":68}},"7":{"start":{"line":8,"column":0},"end":{"line":8,"column":54}},"8":{"start":{"line":9,"column":0},"end":{"line":9,"column":61}},"9":{"start":{"line":10,"column":0},"end":{"line":10,"column":60}},"10":{"start":{"line":13,"column":0},"end":{"line":18,"column":3}},"11":{"start":{"line":13,"column":25},"end":{"line":18,"column":1}},"12":{"start":{"line":20,"column":0},"end":{"line":23,"column":3}},"13":{"start":{"line":20,"column":26},"end":{"line":23,"column":1}},"14":{"start":{"line":25,"column":0},"end":{"line":28,"column":3}},"15":{"start":{"line":25,"column":28},"end":{"line":28,"column":1}},"16":{"start":{"line":30,"column":0},"end":{"line":33,"column":2}},"17":{"start":{"line":30,"column":27},"end":{"line":33,"column":1}},"18":{"start":{"line":35,"column":0},"end":{"line":40,"column":3}},"19":{"start":{"line":35,"column":22},"end":{"line":40,"column":1}},"20":{"start":{"line":42,"column":0},"end":{"line":63,"column":2}},"21":{"start":{"line":44,"column":2},"end":{"line":44,"column":34}},"22":{"start":{"line":45,"column":2},"end":{"line":60,"column":5}},"23":{"start":{"line":46,"column":4},"end":{"line":59,"column":7}},"24":{"start":{"line":47,"column":6},"end":{"line":58,"column":7}},"25":{"start":{"line":48,"column":8},"end":{"line":48,"column":31}},"26":{"start":{"line":50,"column":11},"end":{"line":58,"column":7}},"27":{"start":{"line":51,"column":8},"end":{"line":51,"column":32}},"28":{"start":{"line":53,"column":11},"end":{"line":58,"column":7}},"29":{"start":{"line":54,"column":8},"end":{"line":54,"column":34}},"30":{"start":{"line":56,"column":11},"end":{"line":58,"column":7}},"31":{"start":{"line":57,"column":8},"end":{"line":57,"column":33}},"32":{"start":{"line":62,"column":2},"end":{"line":62,"column":16}}},"branchMap":{"1":{"line":47,"type":"if","locations":[{"start":{"line":47,"column":6},"end":{"line":47,"column":6}},{"start":{"line":47,"column":6},"end":{"line":47,"column":6}}]},"2":{"line":50,"type":"if","locations":[{"start":{"line":50,"column":11},"end":{"line":50,"column":11}},{"start":{"line":50,"column":11},"end":{"line":50,"column":11}}]},"3":{"line":53,"type":"if","locations":[{"start":{"line":53,"column":11},"end":{"line":53,"column":11}},{"start":{"line":53,"column":11},"end":{"line":53,"column":11}}]},"4":{"line":56,"type":"if","locations":[{"start":{"line":56,"column":11},"end":{"line":56,"column":11}},{"start":{"line":56,"column":11},"end":{"line":56,"column":11}}]}}},"C:\\Users\\blokesh\\Web_dev\\NODE\\Node_Todo_API\\server\\db\\mongoose_config.js":{"path":"C:\\Users\\blokesh\\Web_dev\\NODE\\Node_Todo_API\\server\\db\\mongoose_config.js","s":{"1":1,"2":1,"3":1,"4":1,"5":1},"b":{},"f":{},"fnMap":{},"statementMap":{"1":{"start":{"line":1,"column":0},"end":{"line":1,"column":37}},"2":{"start":{"line":2,"column":0},"end":{"line":2,"column":44}},"3":{"start":{"line":5,"column":0},"end":{"line":5,"column":34}},"4":{"start":{"line":7,"column":0},"end":{"line":7,"column":44}},"5":{"start":{"line":10,"column":0},"end":{"line":10,"column":28}}},"branchMap":{}},"C:\\Users\\blokesh\\Web_dev\\NODE\\Node_Todo_API\\server\\models\\Todo.js":{"path":"C:\\Users\\blokesh\\Web_dev\\NODE\\Node_Todo_API\\server\\models\\Todo.js","s":{"1":1,"2":1,"3":1,"4":1},"b":{},"f":{},"fnMap":{},"statementMap":{"1":{"start":{"line":1,"column":0},"end":{"line":1,"column":35}},"2":{"start":{"line":3,"column":0},"end":{"line":18,"column":3}},"3":{"start":{"line":19,"column":0},"end":{"line":19,"column":42}},"4":{"start":{"line":21,"column":0},"end":{"line":21,"column":24}}},"branchMap":{}},"C:\\Users\\blokesh\\Web_dev\\NODE\\Node_Todo_API\\server\\models\\Book.js":{"path":"C:\\Users\\blokesh\\Web_dev\\NODE\\Node_Todo_API\\server\\models\\Book.js","s":{"1":1,"2":1,"3":1,"4":1},"b":{},"f":{},"fnMap":{},"statementMap":{"1":{"start":{"line":1,"column":0},"end":{"line":1,"column":35}},"2":{"start":{"line":3,"column":0},"end":{"line":22,"column":3}},"3":{"start":{"line":23,"column":0},"end":{"line":23,"column":42}},"4":{"start":{"line":25,"column":0},"end":{"line":25,"column":24}}},"branchMap":{}}}