TN:
SF:C:\Users\blokesh\Web_dev\NODE\Node_Todo_API\server\app.js
FNF:0
FNH:0
DA:1,1
DA:2,1
DA:4,1
DA:5,1
DA:7,1
DA:9,1
DA:10,1
DA:12,1
DA:14,1
DA:15,1
DA:17,1
DA:18,0
DA:21,1
LF:13
LH:12
BRF:0
BRH:0
end_of_record
TN:
SF:C:\Users\blokesh\Web_dev\NODE\Node_Todo_API\server\utils\config.js
FNF:0
FNH:0
DA:1,1
DA:3,1
DA:26,1
DA:28,1
DA:31,1
DA:33,1
LF:6
LH:6
BRF:0
BRH:0
end_of_record
TN:
SF:C:\Users\blokesh\Web_dev\NODE\Node_Todo_API\server\api\route.js
FN:42,(anonymous_1)
FNF:1
FNH:1
FNDA:1,(anonymous_1)
DA:1,1
DA:3,1
DA:4,1
DA:5,1
DA:6,1
DA:7,1
DA:8,1
DA:9,1
DA:10,1
DA:13,1
DA:20,1
DA:25,1
DA:30,1
DA:35,1
DA:42,1
DA:44,1
DA:45,1
DA:46,4
DA:47,10
DA:48,4
DA:50,6
DA:51,2
DA:53,4
DA:54,2
DA:56,2
DA:57,2
DA:62,1
LF:27
LH:27
BRDA:47,1,0,4
BRDA:47,1,1,6
BRDA:50,2,0,2
BRDA:50,2,1,4
BRDA:53,3,0,2
BRDA:53,3,1,2
BRDA:56,4,0,2
BRDA:56,4,1,0
BRF:8
BRH:7
end_of_record
TN:
SF:C:\Users\blokesh\Web_dev\NODE\Node_Todo_API\server\db\mongoose_config.js
FNF:0
FNH:0
DA:1,1
DA:2,1
DA:5,1
DA:7,1
DA:10,1
LF:5
LH:5
BRF:0
BRH:0
end_of_record
TN:
SF:C:\Users\blokesh\Web_dev\NODE\Node_Todo_API\server\models\Todo.js
FNF:0
FNH:0
DA:1,1
DA:3,1
DA:19,1
DA:21,1
LF:4
LH:4
BRF:0
BRH:0
end_of_record
TN:
SF:C:\Users\blokesh\Web_dev\NODE\Node_Todo_API\server\models\Book.js
FNF:0
FNH:0
DA:1,1
DA:3,1
DA:23,1
DA:25,1
LF:4
LH:4
BRF:0
BRH:0
end_of_record
